MariaDB [(none)]> source assign5.sql
+--------------------+
| Database           |
+--------------------+
| BabyName           |
| Premiere           |
| classicmodels      |
| henrybooks         |
| information_schema |
| test               |
| z1732715           |
+--------------------+
7 rows in set (0.04 sec)

Reading table information for completion of table and column names
You can turn off this feature to get a quicker startup with -A

Database changed
+--------------------+
| Tables_in_BabyName |
+--------------------+
| BabyName           |
+--------------------+
1 row in set (0.00 sec)

+--------+-------------+------+-----+---------+-------+
| Field  | Type        | Null | Key | Default | Extra |
+--------+-------------+------+-----+---------+-------+
| name   | varchar(15) | NO   | PRI | NULL    |       |
| count  | int(11)     | YES  |     | NULL    |       |
| gender | char(1)     | NO   | PRI | NULL    |       |
| year   | smallint(6) | NO   | PRI | NULL    |       |
| place  | char(2)     | NO   | PRI | NULL    |       |
+--------+-------------+------+-----+---------+-------+
5 rows in set (0.00 sec)

+------+
| year |
+------+
| 1888 |
| 1889 |
| 1890 |
| 1893 |
| 1894 |
| 1895 |
| 1897 |
| 1900 |
| 1901 |
| 1902 |
| 1904 |
| 1905 |
| 1906 |
| 1907 |
| 1908 |
| 1909 |
| 1910 |
| 1911 |
| 1912 |
| 1913 |
+------+
20 rows in set (0.00 sec)

+----------+
| name     |
+----------+
| Aadam    |
| Aadil    |
| Aakash   |
| Aalayah  |
| Aaleeyah |
| Aaleyah  |
| Aaliah   |
| Aalim    |
| Aaliya   |
| Aaliyah  |
| Aaliyha  |
| Aalyah   |
| Aalyiah  |
| Aaminah  |
| Aamir    |
| Aamna    |
| Aaren    |
| Aarianna |
| Aaric    |
| Aariel   |
+----------+
20 rows in set (0.00 sec)

+---------+-------------+--------+
| name    | COUNT(name) | gender |
+---------+-------------+--------+
| Aalayah |       56211 | F      |
| Aadam   |       42540 | M      |
+---------+-------------+--------+
2 rows in set (0.00 sec)

+----------+-------+------+
| name     | count | year |
+----------+-------+------+
| Sam      |     5 | 1888 |
| Sama     |     5 | 1983 |
| Samaa    |     5 | 1998 |
| Samaad   |     7 | 1992 |
| Samaah   |     5 | 2000 |
| Samaara  |     5 | 2014 |
| Samad    |     5 | 1972 |
| Samadhi  |    13 | 2004 |
| Samael   |     5 | 1998 |
| Samah    |     5 | 1978 |
| Samahj   |     5 | 2010 |
| Samai    |     6 | 2001 |
| Samaia   |     7 | 2002 |
| Samaiah  |     5 | 2004 |
| Samaira  |     7 | 1993 |
| Samaire  |     6 | 2005 |
| Samaiya  |     5 | 1995 |
| Samaiyah |     6 | 1978 |
| Samaj    |     6 | 2007 |
| Samajae  |     5 | 2006 |
+----------+-------+------+
20 rows in set (0.00 sec)

+----------------+
| Number of rows |
+----------------+
|        7601706 |
+----------------+
1 row in set (0.00 sec)

+----------------------+
| Unique names in 1960 |
+----------------------+
|                64807 |
+----------------------+
1 row in set (0.00 sec)

+--------------+--------+
| Unique names | gender |
+--------------+--------+
|        25596 | F      |
|        22260 | M      |
+--------------+--------+
2 rows in set (0.00 sec)

+--------------+-------+
| Unique names | place |
+--------------+-------+
|        27143 | AK    |
|       128556 | AL    |
|        97560 | AR    |
|       108599 | AZ    |
|       361128 | CA    |
|       101403 | CO    |
|        78039 | CT    |
|        53933 | DC    |
|        30892 | DE    |
|       191928 | FL    |
|       172144 | GA    |
|        52696 | HI    |
|        89476 | IA    |
|        55018 | ID    |
|       218033 | IL    |
|       131719 | IN    |
|        89748 | KS    |
|       113070 | KY    |
|       142233 | LA    |
|       112605 | MA    |
+--------------+-------+
20 rows in set (0.70 sec)

MariaDB [BabyName]> \t
